0 info it worked if it ends with ok
1 verbose cli [ 'C:\\Program Files\\nodejs\\node.exe',
1 verbose cli   'C:\\Program Files\\nodejs\\node_modules\\npm\\bin\\npm-cli.js',
1 verbose cli   'run',
1 verbose cli   'start-lite-server' ]
2 info using npm@3.10.10
3 info using node@v6.10.0
4 verbose run-script [ 'prestart-lite-server',
4 verbose run-script   'start-lite-server',
4 verbose run-script   'poststart-lite-server' ]
5 info lifecycle TS@1.0.0~prestart-lite-server: TS@1.0.0
6 silly lifecycle TS@1.0.0~prestart-lite-server: no script for prestart-lite-server, continuing
7 info lifecycle TS@1.0.0~start-lite-server: TS@1.0.0
8 verbose lifecycle TS@1.0.0~start-lite-server: unsafe-perm in lifecycle true
9 verbose lifecycle TS@1.0.0~start-lite-server: PATH: C:\Program Files\nodejs\node_modules\npm\bin\node-gyp-bin;C:\Jayanth\Personal\technical\svn-codebase\TS\node_modules\.bin;C:\Program Files\Java\jdk1.7.0_79\bin; c:\program files (x86)\java\jre1.6.0_20\bin;C:\Windows\system32;C:\Windows;C:\Windows\system32\wbem;C:\Windows\system32\windowspowershell\v1.0\;C:\Windows\system32\windowspowershell\v1.0\;c:\program files (x86)\ibm\gsk8\lib;C:\Program Files\TortoiseSVN\bin;C:\Program Files\Git\cmd;C:\Program Files\nodejs\;C:\Program Files (x86)\Skype\Phone\;C:\Windows\System32\WindowsPowerShell\v1.0\;C:\JavaDev\tools\jvs-support-tools-3.2;C:\JavaDev\tools\apache-maven-3.0.4\bin;C:\JavaDev\tools\db-derby-10.10.1.1\bin;C:\JavaDev\tools\apache-tomcat-7.0.42\bin;C:\JavaDev\tools\groovy-2.1.7\bin;C:\Users\a028515\AppData\Roaming\npm
10 verbose lifecycle TS@1.0.0~start-lite-server: CWD: C:\Jayanth\Personal\technical\svn-codebase\TS
11 silly lifecycle TS@1.0.0~start-lite-server: Args: [ '/d /s /c', 'lite-server' ]
12 silly lifecycle TS@1.0.0~start-lite-server: Returned: code: 3  signal: null
13 info lifecycle TS@1.0.0~start-lite-server: Failed to exec start-lite-server script
14 verbose stack Error: TS@1.0.0 start-lite-server: `lite-server`
14 verbose stack Exit status 3
14 verbose stack     at EventEmitter.<anonymous> (C:\Program Files\nodejs\node_modules\npm\lib\utils\lifecycle.js:255:16)
14 verbose stack     at emitTwo (events.js:106:13)
14 verbose stack     at EventEmitter.emit (events.js:191:7)
14 verbose stack     at ChildProcess.<anonymous> (C:\Program Files\nodejs\node_modules\npm\lib\utils\spawn.js:40:14)
14 verbose stack     at emitTwo (events.js:106:13)
14 verbose stack     at ChildProcess.emit (events.js:191:7)
14 verbose stack     at maybeClose (internal/child_process.js:877:16)
14 verbose stack     at Process.ChildProcess._handle.onexit (internal/child_process.js:226:5)
15 verbose pkgid TS@1.0.0
16 verbose cwd C:\Jayanth\Personal\technical\svn-codebase\TS
17 error Windows_NT 6.1.7601
18 error argv "C:\\Program Files\\nodejs\\node.exe" "C:\\Program Files\\nodejs\\node_modules\\npm\\bin\\npm-cli.js" "run" "start-lite-server"
19 error node v6.10.0
20 error npm  v3.10.10
21 error code ELIFECYCLE
22 error TS@1.0.0 start-lite-server: `lite-server`
22 error Exit status 3
23 error Failed at the TS@1.0.0 start-lite-server script 'lite-server'.
23 error Make sure you have the latest version of node.js and npm installed.
23 error If you do, this is most likely a problem with the TS package,
23 error not with npm itself.
23 error Tell the author that this fails on your system:
23 error     lite-server
23 error You can get information on how to open an issue for this project with:
23 error     npm bugs TS
23 error Or if that isn't available, you can get their info via:
23 error     npm owner ls TS
23 error There is likely additional logging output above.
24 verbose exit [ 1, true ]
